2023-07-11 13:51:15,531 p=2671 u=ubuntu n=ansible | PLAY [Generate artifact, copy artifact & sql file to files directory] ***********************************************************************************************************************
2023-07-11 13:51:15,541 p=2671 u=ubuntu n=ansible | TASK [Gathering Facts] **********************************************************************************************************************************************************************
2023-07-11 13:51:16,935 p=2671 u=ubuntu n=ansible | ok: [localhost]
2023-07-11 13:51:16,952 p=2671 u=ubuntu n=ansible | TASK [Install  jdk, maven, git] *************************************************************************************************************************************************************
2023-07-11 13:51:31,023 p=2671 u=ubuntu n=ansible | ok: [localhost] => (item=git)
2023-07-11 13:52:13,691 p=2671 u=ubuntu n=ansible | changed: [localhost] => (item=openjdk-8-jdk)
2023-07-11 13:52:25,239 p=2671 u=ubuntu n=ansible | changed: [localhost] => (item=maven)
2023-07-11 13:52:25,254 p=2671 u=ubuntu n=ansible | TASK [Clone source code from github] ********************************************************************************************************************************************************
2023-07-11 13:52:30,816 p=2671 u=ubuntu n=ansible | changed: [localhost]
2023-07-11 13:52:30,829 p=2671 u=ubuntu n=ansible | TASK [mvn install command to build artifact] ************************************************************************************************************************************************
2023-07-11 13:53:11,784 p=2671 u=ubuntu n=ansible | changed: [localhost]
2023-07-11 13:53:11,817 p=2671 u=ubuntu n=ansible | TASK [Copy artifacts to files directory] ****************************************************************************************************************************************************
2023-07-11 13:53:13,142 p=2671 u=ubuntu n=ansible | changed: [localhost] => (item=/home/ubuntu/ansible-aws/provision-stack/Vprofile-repo/target/vprofile-v2.war)
2023-07-11 13:53:13,154 p=2671 u=ubuntu n=ansible | TASK [Copy SQL file to files directory] *****************************************************************************************************************************************************
2023-07-11 13:53:13,588 p=2671 u=ubuntu n=ansible | changed: [localhost]
2023-07-11 13:53:13,604 p=2671 u=ubuntu n=ansible | PLAY RECAP **********************************************************************************************************************************************************************************
2023-07-11 13:53:13,605 p=2671 u=ubuntu n=ansible | localhost                  : ok=6    changed=5    unreachable=0    failed=0    skipped=0    rescued=0    ignored=0   
2023-07-11 13:56:31,389 p=7967 u=ubuntu n=ansible | PLAY [Set host to ip mapping in /etc/hosts file of all the instances in the stack] **********************************************************************************************************
2023-07-11 13:56:31,411 p=7967 u=ubuntu n=ansible | TASK [Gathering Facts] **********************************************************************************************************************************************************************
2023-07-11 13:56:33,463 p=7967 u=ubuntu n=ansible | ok: [cntl]
2023-07-11 13:56:33,586 p=7967 u=ubuntu n=ansible | ok: [app01]
2023-07-11 13:56:34,564 p=7967 u=ubuntu n=ansible | ok: [mc01]
2023-07-11 13:56:34,755 p=7967 u=ubuntu n=ansible | ok: [rmq01]
2023-07-11 13:56:34,789 p=7967 u=ubuntu n=ansible | ok: [web01]
2023-07-11 13:56:36,587 p=7967 u=ubuntu n=ansible | ok: [db01]
2023-07-11 13:56:36,604 p=7967 u=ubuntu n=ansible | TASK [Import VPC setup Variable] ************************************************************************************************************************************************************
2023-07-11 13:56:36,652 p=7967 u=ubuntu n=ansible | ok: [cntl]
2023-07-11 13:56:36,679 p=7967 u=ubuntu n=ansible | ok: [web01]
2023-07-11 13:56:36,703 p=7967 u=ubuntu n=ansible | ok: [app01]
2023-07-11 13:56:36,726 p=7967 u=ubuntu n=ansible | ok: [rmq01]
2023-07-11 13:56:36,726 p=7967 u=ubuntu n=ansible | ok: [mc01]
2023-07-11 13:56:36,733 p=7967 u=ubuntu n=ansible | ok: [db01]
2023-07-11 13:56:36,743 p=7967 u=ubuntu n=ansible | TASK [Update hosts file for all the hosts] **************************************************************************************************************************************************
2023-07-11 13:56:37,574 p=7967 u=ubuntu n=ansible | An exception occurred during task execution. To see the full traceback, use -vvv. The error was: PermissionError: [Errno 13] Permission denied: b'/home/ubuntu/.ansible/tmp/ansible-tmp-1689083796.8423405-8140-48629058767755/tmpg7uke96z' -> b'/etc/hosts'
2023-07-11 13:56:37,577 p=7967 u=ubuntu n=ansible | fatal: [web01]: FAILED! => {"changed": false, "msg": "The destination directory (/etc) is not writable by the current user. Error was: [Errno 13] Permission denied: b'/etc/.ansible_tmp_nckrdo9hosts'"}
2023-07-11 13:56:37,578 p=7967 u=ubuntu n=ansible | An exception occurred during task execution. To see the full traceback, use -vvv. The error was: PermissionError: [Errno 13] Permission denied: b'/home/ubuntu/.ansible/tmp/ansible-tmp-1689083796.8905404-8144-168424096323630/tmpnnq6pxg0' -> b'/etc/hosts'
2023-07-11 13:56:37,582 p=7967 u=ubuntu n=ansible | fatal: [app01]: FAILED! => {"changed": false, "msg": "The destination directory (/etc) is not writable by the current user. Error was: [Errno 13] Permission denied: b'/etc/.ansible_tmpqxdkehyrhosts'"}
2023-07-11 13:56:37,582 p=7967 u=ubuntu n=ansible | An exception occurred during task execution. To see the full traceback, use -vvv. The error was: PermissionError: [Errno 13] Permission denied: b'/home/ubuntu/.ansible/tmp/ansible-tmp-1689083796.9501235-8153-169686256619897/tmpr4ywzupl' -> b'/etc/hosts'
2023-07-11 13:56:37,583 p=7967 u=ubuntu n=ansible | fatal: [rmq01]: FAILED! => {"changed": false, "msg": "The destination directory (/etc) is not writable by the current user. Error was: [Errno 13] Permission denied: b'/etc/.ansible_tmpoj1tit0lhosts'"}
2023-07-11 13:56:37,586 p=7967 u=ubuntu n=ansible | An exception occurred during task execution. To see the full traceback, use -vvv. The error was: PermissionError: [Errno 13] Permission denied: b'/home/ubuntu/.ansible/tmp/ansible-tmp-1689083796.9921353-8159-146050142104776/tmpw43ccehs' -> b'/etc/hosts'
2023-07-11 13:56:37,586 p=7967 u=ubuntu n=ansible | fatal: [mc01]: FAILED! => {"changed": false, "msg": "The destination directory (/etc) is not writable by the current user. Error was: [Errno 13] Permission denied: b'/etc/.ansible_tmp2wxgdnx0hosts'"}
2023-07-11 13:56:37,633 p=7967 u=ubuntu n=ansible | An exception occurred during task execution. To see the full traceback, use -vvv. The error was: PermissionError: [Errno 13] Permission denied: b'/home/ubuntu/.ansible/tmp/ansible-tmp-1689083796.7987523-8139-269618585470558/tmpjm4rtmcj' -> b'/etc/hosts'
2023-07-11 13:56:37,634 p=7967 u=ubuntu n=ansible | fatal: [cntl]: FAILED! => {"changed": false, "msg": "The destination directory (/etc) is not writable by the current user. Error was: [Errno 13] Permission denied: b'/etc/.ansible_tmp3d_ztg0chosts'"}
2023-07-11 13:56:37,886 p=7967 u=ubuntu n=ansible | An exception occurred during task execution. To see the full traceback, use -vvv. The error was: PermissionError: [Errno 13] Permission denied: b'/home/ubuntu/.ansible/tmp/ansible-tmp-1689083797.6310725-8196-254815401340296/tmpu1zu3jru' -> b'/etc/hosts'
2023-07-11 13:56:37,886 p=7967 u=ubuntu n=ansible | fatal: [db01]: FAILED! => {"changed": false, "msg": "The destination directory (/etc) is not writable by the current user. Error was: [Errno 13] Permission denied: b'/etc/.ansible_tmpoxgqaiythosts'"}
2023-07-11 13:56:37,890 p=7967 u=ubuntu n=ansible | PLAY RECAP **********************************************************************************************************************************************************************************
2023-07-11 13:56:37,890 p=7967 u=ubuntu n=ansible | app01                      : ok=2    changed=0    unreachable=0    failed=1    skipped=0    rescued=0    ignored=0   
2023-07-11 13:56:37,890 p=7967 u=ubuntu n=ansible | cntl                       : ok=2    changed=0    unreachable=0    failed=1    skipped=0    rescued=0    ignored=0   
2023-07-11 13:56:37,890 p=7967 u=ubuntu n=ansible | db01                       : ok=2    changed=0    unreachable=0    failed=1    skipped=0    rescued=0    ignored=0   
2023-07-11 13:56:37,891 p=7967 u=ubuntu n=ansible | mc01                       : ok=2    changed=0    unreachable=0    failed=1    skipped=0    rescued=0    ignored=0   
2023-07-11 13:56:37,891 p=7967 u=ubuntu n=ansible | rmq01                      : ok=2    changed=0    unreachable=0    failed=1    skipped=0    rescued=0    ignored=0   
2023-07-11 13:56:37,891 p=7967 u=ubuntu n=ansible | web01                      : ok=2    changed=0    unreachable=0    failed=1    skipped=0    rescued=0    ignored=0   
2023-07-11 14:00:15,815 p=8215 u=ubuntu n=ansible | PLAY [Set host to ip mapping in /etc/hosts file of all the instances in the stack] **********************************************************************************************************
2023-07-11 14:00:15,824 p=8215 u=ubuntu n=ansible | TASK [Gathering Facts] **********************************************************************************************************************************************************************
2023-07-11 14:00:17,838 p=8215 u=ubuntu n=ansible | ok: [app01]
2023-07-11 14:00:17,916 p=8215 u=ubuntu n=ansible | ok: [cntl]
2023-07-11 14:00:18,001 p=8215 u=ubuntu n=ansible | ok: [web01]
2023-07-11 14:00:18,054 p=8215 u=ubuntu n=ansible | ok: [mc01]
2023-07-11 14:00:18,097 p=8215 u=ubuntu n=ansible | ok: [rmq01]
2023-07-11 14:00:19,663 p=8215 u=ubuntu n=ansible | ok: [db01]
2023-07-11 14:00:19,681 p=8215 u=ubuntu n=ansible | TASK [Import VPC setup Variable] ************************************************************************************************************************************************************
2023-07-11 14:00:19,734 p=8215 u=ubuntu n=ansible | ok: [cntl]
2023-07-11 14:00:19,759 p=8215 u=ubuntu n=ansible | ok: [web01]
2023-07-11 14:00:19,787 p=8215 u=ubuntu n=ansible | ok: [app01]
2023-07-11 14:00:19,808 p=8215 u=ubuntu n=ansible | ok: [rmq01]
2023-07-11 14:00:19,809 p=8215 u=ubuntu n=ansible | ok: [mc01]
2023-07-11 14:00:19,821 p=8215 u=ubuntu n=ansible | ok: [db01]
2023-07-11 14:00:19,831 p=8215 u=ubuntu n=ansible | TASK [Update hosts file for all the hosts] **************************************************************************************************************************************************
2023-07-11 14:00:20,667 p=8215 u=ubuntu n=ansible | An exception occurred during task execution. To see the full traceback, use -vvv. The error was: PermissionError: [Errno 13] Permission denied: b'/home/ubuntu/.ansible/tmp/ansible-tmp-1689084020.0467982-8399-159801767860037/tmptkebzvoy' -> b'/etc/hosts'
2023-07-11 14:00:20,667 p=8215 u=ubuntu n=ansible | fatal: [rmq01]: FAILED! => {"changed": false, "msg": "The destination directory (/etc) is not writable by the current user. Error was: [Errno 13] Permission denied: b'/etc/.ansible_tmp0kppm47ihosts'"}
2023-07-11 14:00:20,668 p=8215 u=ubuntu n=ansible | An exception occurred during task execution. To see the full traceback, use -vvv. The error was: PermissionError: [Errno 13] Permission denied: b'/home/ubuntu/.ansible/tmp/ansible-tmp-1689084020.084591-8406-253066931085758/tmpzf34tb5m' -> b'/etc/hosts'
2023-07-11 14:00:20,668 p=8215 u=ubuntu n=ansible | fatal: [mc01]: FAILED! => {"changed": false, "msg": "The destination directory (/etc) is not writable by the current user. Error was: [Errno 13] Permission denied: b'/etc/.ansible_tmpwe9qtbtihosts'"}
2023-07-11 14:00:20,670 p=8215 u=ubuntu n=ansible | An exception occurred during task execution. To see the full traceback, use -vvv. The error was: PermissionError: [Errno 13] Permission denied: b'/home/ubuntu/.ansible/tmp/ansible-tmp-1689084019.929914-8387-170823747942925/tmpr6_hg8n6' -> b'/etc/hosts'
2023-07-11 14:00:20,670 p=8215 u=ubuntu n=ansible | fatal: [web01]: FAILED! => {"changed": false, "msg": "The destination directory (/etc) is not writable by the current user. Error was: [Errno 13] Permission denied: b'/etc/.ansible_tmp_df1tud3hosts'"}
2023-07-11 14:00:20,670 p=8215 u=ubuntu n=ansible | An exception occurred during task execution. To see the full traceback, use -vvv. The error was: PermissionError: [Errno 13] Permission denied: b'/home/ubuntu/.ansible/tmp/ansible-tmp-1689084019.9761636-8392-17308440141406/tmpiqg4hf9t' -> b'/etc/hosts'
2023-07-11 14:00:20,671 p=8215 u=ubuntu n=ansible | fatal: [app01]: FAILED! => {"changed": false, "msg": "The destination directory (/etc) is not writable by the current user. Error was: [Errno 13] Permission denied: b'/etc/.ansible_tmpi1m_60bchosts'"}
2023-07-11 14:00:20,719 p=8215 u=ubuntu n=ansible | An exception occurred during task execution. To see the full traceback, use -vvv. The error was: PermissionError: [Errno 13] Permission denied: b'/home/ubuntu/.ansible/tmp/ansible-tmp-1689084019.8867958-8386-161547023631224/tmp3t_6h_5t' -> b'/etc/hosts'
2023-07-11 14:00:20,719 p=8215 u=ubuntu n=ansible | fatal: [cntl]: FAILED! => {"changed": false, "msg": "The destination directory (/etc) is not writable by the current user. Error was: [Errno 13] Permission denied: b'/etc/.ansible_tmpqawhqrgehosts'"}
2023-07-11 14:00:20,977 p=8215 u=ubuntu n=ansible | An exception occurred during task execution. To see the full traceback, use -vvv. The error was: PermissionError: [Errno 13] Permission denied: b'/home/ubuntu/.ansible/tmp/ansible-tmp-1689084020.7203903-8443-220535287941762/tmpy57pm0g7' -> b'/etc/hosts'
2023-07-11 14:00:20,978 p=8215 u=ubuntu n=ansible | fatal: [db01]: FAILED! => {"changed": false, "msg": "The destination directory (/etc) is not writable by the current user. Error was: [Errno 13] Permission denied: b'/etc/.ansible_tmp6g4tpft8hosts'"}
2023-07-11 14:00:20,981 p=8215 u=ubuntu n=ansible | PLAY RECAP **********************************************************************************************************************************************************************************
2023-07-11 14:00:20,982 p=8215 u=ubuntu n=ansible | app01                      : ok=2    changed=0    unreachable=0    failed=1    skipped=0    rescued=0    ignored=0   
2023-07-11 14:00:20,982 p=8215 u=ubuntu n=ansible | cntl                       : ok=2    changed=0    unreachable=0    failed=1    skipped=0    rescued=0    ignored=0   
2023-07-11 14:00:20,982 p=8215 u=ubuntu n=ansible | db01                       : ok=2    changed=0    unreachable=0    failed=1    skipped=0    rescued=0    ignored=0   
2023-07-11 14:00:20,982 p=8215 u=ubuntu n=ansible | mc01                       : ok=2    changed=0    unreachable=0    failed=1    skipped=0    rescued=0    ignored=0   
2023-07-11 14:00:20,982 p=8215 u=ubuntu n=ansible | rmq01                      : ok=2    changed=0    unreachable=0    failed=1    skipped=0    rescued=0    ignored=0   
2023-07-11 14:00:20,983 p=8215 u=ubuntu n=ansible | web01                      : ok=2    changed=0    unreachable=0    failed=1    skipped=0    rescued=0    ignored=0   
2023-07-11 16:44:20,895 p=2273 u=ubuntu n=ansible | ERROR! Unable to retrieve file contents
Could not find or access '/home/ubuntu/ansible-aws/provision-stack/db.yml' on the Ansible Controller.
If you are using a module and expect the file to exist on the remote, see the remote_src option
2023-07-11 16:47:18,261 p=2281 u=ubuntu n=ansible | PLAY [Generate artifact, copy artifact & sql file to files directory] ***********************************************************************************************************************
2023-07-11 16:47:18,270 p=2281 u=ubuntu n=ansible | TASK [Gathering Facts] **********************************************************************************************************************************************************************
2023-07-11 16:47:19,607 p=2281 u=ubuntu n=ansible | ok: [localhost]
2023-07-11 16:47:19,623 p=2281 u=ubuntu n=ansible | TASK [Install  jdk, maven, git] *************************************************************************************************************************************************************
2023-07-11 16:47:29,467 p=2281 u=ubuntu n=ansible | ok: [localhost] => (item=git)
2023-07-11 16:47:32,047 p=2281 u=ubuntu n=ansible | ok: [localhost] => (item=openjdk-8-jdk)
2023-07-11 16:47:34,488 p=2281 u=ubuntu n=ansible | ok: [localhost] => (item=maven)
2023-07-11 16:47:34,499 p=2281 u=ubuntu n=ansible | TASK [Clone source code from github] ********************************************************************************************************************************************************
2023-07-11 16:47:35,565 p=2281 u=ubuntu n=ansible | ok: [localhost]
2023-07-11 16:47:35,575 p=2281 u=ubuntu n=ansible | TASK [mvn install command to build artifact] ************************************************************************************************************************************************
2023-07-11 16:47:35,590 p=2281 u=ubuntu n=ansible | skipping: [localhost]
2023-07-11 16:47:35,600 p=2281 u=ubuntu n=ansible | TASK [Copy artifacts to files directory] ****************************************************************************************************************************************************
2023-07-11 16:47:37,237 p=2281 u=ubuntu n=ansible | ok: [localhost] => (item=/home/ubuntu/ansible-aws/provision-stack/Vprofile-repo/target/vprofile-v2.war)
2023-07-11 16:47:37,248 p=2281 u=ubuntu n=ansible | TASK [Copy SQL file to files directory] *****************************************************************************************************************************************************
2023-07-11 16:47:37,695 p=2281 u=ubuntu n=ansible | ok: [localhost]
2023-07-11 16:47:37,711 p=2281 u=ubuntu n=ansible | PLAY RECAP **********************************************************************************************************************************************************************************
2023-07-11 16:47:37,712 p=2281 u=ubuntu n=ansible | localhost                  : ok=5    changed=0    unreachable=0    failed=0    skipped=1    rescued=0    ignored=0   
2023-07-11 16:47:46,085 p=3766 u=ubuntu n=ansible | ERROR! Unable to retrieve file contents
Could not find or access '/home/ubuntu/ansible-aws/provision-stack/db.yml' on the Ansible Controller.
If you are using a module and expect the file to exist on the remote, see the remote_src option
2023-07-11 16:49:01,366 p=3774 u=ubuntu n=ansible | PLAY [Set host to ip mapping in /etc/hosts file of all the instances in the stack] **********************************************************************************************************
2023-07-11 16:49:01,376 p=3774 u=ubuntu n=ansible | TASK [Gathering Facts] **********************************************************************************************************************************************************************
2023-07-11 16:49:03,372 p=3774 u=ubuntu n=ansible | ok: [cntl]
2023-07-11 16:49:03,499 p=3774 u=ubuntu n=ansible | ok: [app01]
2023-07-11 16:49:03,597 p=3774 u=ubuntu n=ansible | ok: [rmq01]
2023-07-11 16:49:03,649 p=3774 u=ubuntu n=ansible | ok: [mc01]
2023-07-11 16:49:03,844 p=3774 u=ubuntu n=ansible | ok: [web01]
2023-07-11 16:49:05,344 p=3774 u=ubuntu n=ansible | ok: [db01]
2023-07-11 16:49:05,360 p=3774 u=ubuntu n=ansible | TASK [Import VPC setup Variable] ************************************************************************************************************************************************************
2023-07-11 16:49:05,411 p=3774 u=ubuntu n=ansible | ok: [cntl]
2023-07-11 16:49:05,428 p=3774 u=ubuntu n=ansible | ok: [web01]
2023-07-11 16:49:05,455 p=3774 u=ubuntu n=ansible | ok: [app01]
2023-07-11 16:49:05,474 p=3774 u=ubuntu n=ansible | ok: [rmq01]
2023-07-11 16:49:05,475 p=3774 u=ubuntu n=ansible | ok: [mc01]
2023-07-11 16:49:05,482 p=3774 u=ubuntu n=ansible | ok: [db01]
2023-07-11 16:49:05,492 p=3774 u=ubuntu n=ansible | TASK [Update hosts file for all the hosts] **************************************************************************************************************************************************
2023-07-11 16:49:06,286 p=3774 u=ubuntu n=ansible | An exception occurred during task execution. To see the full traceback, use -vvv. The error was: PermissionError: [Errno 13] Permission denied: b'/home/ubuntu/.ansible/tmp/ansible-tmp-1689094145.7250333-3966-229618320505562/tmpnja3mhb7' -> b'/etc/hosts'
2023-07-11 16:49:06,287 p=3774 u=ubuntu n=ansible | fatal: [mc01]: FAILED! => {"changed": false, "msg": "The destination directory (/etc) is not writable by the current user. Error was: [Errno 13] Permission denied: b'/etc/.ansible_tmpvgwrdyr8hosts'"}
2023-07-11 16:49:06,287 p=3774 u=ubuntu n=ansible | An exception occurred during task execution. To see the full traceback, use -vvv. The error was: PermissionError: [Errno 13] Permission denied: b'/home/ubuntu/.ansible/tmp/ansible-tmp-1689094145.5834017-3947-241287537509506/tmpf7d627qa' -> b'/etc/hosts'
2023-07-11 16:49:06,288 p=3774 u=ubuntu n=ansible | fatal: [web01]: FAILED! => {"changed": false, "msg": "The destination directory (/etc) is not writable by the current user. Error was: [Errno 13] Permission denied: b'/etc/.ansible_tmp6vtmjqxuhosts'"}
2023-07-11 16:49:06,288 p=3774 u=ubuntu n=ansible | An exception occurred during task execution. To see the full traceback, use -vvv. The error was: PermissionError: [Errno 13] Permission denied: b'/home/ubuntu/.ansible/tmp/ansible-tmp-1689094145.6296837-3952-11726798746561/tmpja55_aw9' -> b'/etc/hosts'
2023-07-11 16:49:06,288 p=3774 u=ubuntu n=ansible | fatal: [app01]: FAILED! => {"changed": false, "msg": "The destination directory (/etc) is not writable by the current user. Error was: [Errno 13] Permission denied: b'/etc/.ansible_tmpjr8yfqinhosts'"}
2023-07-11 16:49:06,289 p=3774 u=ubuntu n=ansible | An exception occurred during task execution. To see the full traceback, use -vvv. The error was: PermissionError: [Errno 13] Permission denied: b'/home/ubuntu/.ansible/tmp/ansible-tmp-1689094145.6820278-3960-149985895565011/tmprgu_f_ra' -> b'/etc/hosts'
2023-07-11 16:49:06,289 p=3774 u=ubuntu n=ansible | fatal: [rmq01]: FAILED! => {"changed": false, "msg": "The destination directory (/etc) is not writable by the current user. Error was: [Errno 13] Permission denied: b'/etc/.ansible_tmpbrix1t2dhosts'"}
2023-07-11 16:49:06,334 p=3774 u=ubuntu n=ansible | An exception occurred during task execution. To see the full traceback, use -vvv. The error was: PermissionError: [Errno 13] Permission denied: b'/home/ubuntu/.ansible/tmp/ansible-tmp-1689094145.5394683-3946-120717374512377/tmpkkxfvsuq' -> b'/etc/hosts'
2023-07-11 16:49:06,335 p=3774 u=ubuntu n=ansible | fatal: [cntl]: FAILED! => {"changed": false, "msg": "The destination directory (/etc) is not writable by the current user. Error was: [Errno 13] Permission denied: b'/etc/.ansible_tmpvlho92juhosts'"}
2023-07-11 16:49:06,589 p=3774 u=ubuntu n=ansible | An exception occurred during task execution. To see the full traceback, use -vvv. The error was: PermissionError: [Errno 13] Permission denied: b'/home/ubuntu/.ansible/tmp/ansible-tmp-1689094146.3359628-4003-34967587249321/tmp8d428b_0' -> b'/etc/hosts'
2023-07-11 16:49:06,589 p=3774 u=ubuntu n=ansible | fatal: [db01]: FAILED! => {"changed": false, "msg": "The destination directory (/etc) is not writable by the current user. Error was: [Errno 13] Permission denied: b'/etc/.ansible_tmp86qywz6chosts'"}
2023-07-11 16:49:06,592 p=3774 u=ubuntu n=ansible | PLAY RECAP **********************************************************************************************************************************************************************************
2023-07-11 16:49:06,592 p=3774 u=ubuntu n=ansible | app01                      : ok=2    changed=0    unreachable=0    failed=1    skipped=0    rescued=0    ignored=0   
2023-07-11 16:49:06,592 p=3774 u=ubuntu n=ansible | cntl                       : ok=2    changed=0    unreachable=0    failed=1    skipped=0    rescued=0    ignored=0   
2023-07-11 16:49:06,593 p=3774 u=ubuntu n=ansible | db01                       : ok=2    changed=0    unreachable=0    failed=1    skipped=0    rescued=0    ignored=0   
2023-07-11 16:49:06,593 p=3774 u=ubuntu n=ansible | mc01                       : ok=2    changed=0    unreachable=0    failed=1    skipped=0    rescued=0    ignored=0   
2023-07-11 16:49:06,593 p=3774 u=ubuntu n=ansible | rmq01                      : ok=2    changed=0    unreachable=0    failed=1    skipped=0    rescued=0    ignored=0   
2023-07-11 16:49:06,593 p=3774 u=ubuntu n=ansible | web01                      : ok=2    changed=0    unreachable=0    failed=1    skipped=0    rescued=0    ignored=0   
2023-07-11 16:55:08,030 p=4039 u=ubuntu n=ansible | PLAY [Set host to ip mapping in /etc/hosts file of all the instances in the stack] **********************************************************************************************************
2023-07-11 16:55:08,040 p=4039 u=ubuntu n=ansible | TASK [Gathering Facts] **********************************************************************************************************************************************************************
2023-07-11 16:55:10,087 p=4039 u=ubuntu n=ansible | ok: [cntl]
2023-07-11 16:55:10,220 p=4039 u=ubuntu n=ansible | ok: [web01]
2023-07-11 16:55:10,231 p=4039 u=ubuntu n=ansible | ok: [app01]
2023-07-11 16:55:10,235 p=4039 u=ubuntu n=ansible | ok: [mc01]
2023-07-11 16:55:10,244 p=4039 u=ubuntu n=ansible | ok: [rmq01]
2023-07-11 16:55:11,882 p=4039 u=ubuntu n=ansible | ok: [db01]
2023-07-11 16:55:11,899 p=4039 u=ubuntu n=ansible | TASK [Import VPC setup Variable] ************************************************************************************************************************************************************
2023-07-11 16:55:11,950 p=4039 u=ubuntu n=ansible | ok: [cntl]
2023-07-11 16:55:11,971 p=4039 u=ubuntu n=ansible | ok: [web01]
2023-07-11 16:55:11,994 p=4039 u=ubuntu n=ansible | ok: [app01]
2023-07-11 16:55:12,019 p=4039 u=ubuntu n=ansible | ok: [rmq01]
2023-07-11 16:55:12,020 p=4039 u=ubuntu n=ansible | ok: [mc01]
2023-07-11 16:55:12,028 p=4039 u=ubuntu n=ansible | ok: [db01]
2023-07-11 16:55:12,038 p=4039 u=ubuntu n=ansible | TASK [Update hosts file for all the hosts] **************************************************************************************************************************************************
2023-07-11 16:55:12,846 p=4039 u=ubuntu n=ansible | changed: [mc01]
2023-07-11 16:55:12,847 p=4039 u=ubuntu n=ansible | changed: [rmq01]
2023-07-11 16:55:12,847 p=4039 u=ubuntu n=ansible | changed: [web01]
2023-07-11 16:55:12,847 p=4039 u=ubuntu n=ansible | changed: [app01]
2023-07-11 16:55:12,911 p=4039 u=ubuntu n=ansible | changed: [cntl]
2023-07-11 16:55:13,158 p=4039 u=ubuntu n=ansible | changed: [db01]
2023-07-11 16:55:13,175 p=4039 u=ubuntu n=ansible | PLAY RECAP **********************************************************************************************************************************************************************************
2023-07-11 16:55:13,175 p=4039 u=ubuntu n=ansible | app01                      : ok=3    changed=1    unreachable=0    failed=0    skipped=0    rescued=0    ignored=0   
2023-07-11 16:55:13,176 p=4039 u=ubuntu n=ansible | cntl                       : ok=3    changed=1    unreachable=0    failed=0    skipped=0    rescued=0    ignored=0   
2023-07-11 16:55:13,176 p=4039 u=ubuntu n=ansible | db01                       : ok=3    changed=1    unreachable=0    failed=0    skipped=0    rescued=0    ignored=0   
2023-07-11 16:55:13,176 p=4039 u=ubuntu n=ansible | mc01                       : ok=3    changed=1    unreachable=0    failed=0    skipped=0    rescued=0    ignored=0   
2023-07-11 16:55:13,176 p=4039 u=ubuntu n=ansible | rmq01                      : ok=3    changed=1    unreachable=0    failed=0    skipped=0    rescued=0    ignored=0   
2023-07-11 16:55:13,177 p=4039 u=ubuntu n=ansible | web01                      : ok=3    changed=1    unreachable=0    failed=0    skipped=0    rescued=0    ignored=0   
2023-07-11 17:18:31,339 p=4332 u=ubuntu n=ansible | ERROR! the playbook: vpc-setup.yml could not be found
